<?xml version="1.0" encoding="UTF-8"?>
<testng-results ignored="0" total="1" passed="1" failed="0" skipped="0">
  <reporter-output>
  </reporter-output>
  <suite started-at="2022-02-18T20:59:35 IST" name="Suite" finished-at="2022-02-18T21:03:22 IST" duration-ms="226745">
    <groups>
    </groups>
    <test started-at="2022-02-18T20:59:35 IST" name="ZoomTest" finished-at="2022-02-18T21:03:22 IST" duration-ms="226745">
      <class name="com.keywords.tests.ZoomDemo">
        <test-method is-config="true" signature="setUp(java.lang.String,java.lang.String)[pri:0, instance:com.keywords.tests.ZoomDemo@609e8838]" started-at="2022-02-18T20:59:35 IST" name="setUp" finished-at="2022-02-18T21:01:58 IST" duration-ms="142912" status="PASS">
          <params>
            <param index="0">
              <value>
                <![CDATA[chrome]]>
              </value>
            </param>
            <param index="1">
              <value>
                <![CDATA[https://www.zoom.com]]>
              </value>
            </param>
          </params>
          <reporter-output>
          </reporter-output>
        </test-method> <!-- setUp -->
        <test-method signature="verifySignUpPageTest()[pri:1, instance:com.keywords.tests.ZoomDemo@609e8838]" started-at="2022-02-18T21:01:58 IST" name="verifySignUpPageTest" finished-at="2022-02-18T21:03:20 IST" duration-ms="81946" status="PASS">
          <reporter-output>
          </reporter-output>
        </test-method> <!-- verifySignUpPageTest -->
        <test-method is-config="true" signature="tearDown()[pri:0, instance:com.keywords.tests.ZoomDemo@609e8838]" started-at="2022-02-18T21:03:20 IST" name="tearDown" finished-at="2022-02-18T21:03:22 IST" duration-ms="1724" status="PASS">
          <reporter-output>
          </reporter-output>
        </test-method> <!-- tearDown -->
      </class> <!-- com.keywords.tests.ZoomDemo -->
    </test> <!-- ZoomTest -->
  </suite> <!-- Suite -->
</testng-results>
